<?xml version="1.0" encoding="UTF-8"?>
<!-- Generated by org.testng.reporters.JUnitReportReporter -->
<testsuite skipped="0" hostname="Mustavis-MacBook-Pro.local" name="QAclickacademy.MavenJava.RESTAPItest" tests="2" failures="0" timestamp="12 Dec 2018 20:18:47 GMT" time="0.001" errors="0">
  <testcase name="deletetwitter" time="0.000" classname="QAclickacademy.MavenJava.RESTAPItest"/>
  <testcase name="postJira" time="0.001" classname="QAclickacademy.MavenJava.RESTAPItest"/>
</testsuite> <!-- QAclickacademy.MavenJava.RESTAPItest -->
