<?xml version="1.0" encoding="UTF-8"?>
<!-- Generated by org.testng.reporters.JUnitReportReporter -->
<testsuite skipped="0" hostname="Mustavis-MacBook-Pro.local" name="QAclickacademy.MavenJava.AppiumTest" tests="2" failures="0" timestamp="12 Dec 2018 20:43:32 GMT" time="0.007" errors="0">
  <testcase name="AndroidApps" time="0.006" classname="QAclickacademy.MavenJava.AppiumTest"/>
  <testcase name="iOSApps" time="0.001" classname="QAclickacademy.MavenJava.AppiumTest"/>
</testsuite> <!-- QAclickacademy.MavenJava.AppiumTest -->
