<?xml version="1.0" encoding="UTF-8"?>
<!-- Generated by org.testng.reporters.JUnitReportReporter -->
<testsuite skipped="0" hostname="Mustavis-MacBook-Pro.local" name="QAclickacademy.MavenJava.SeleniumTest" tests="2" failures="0" timestamp="12 Dec 2018 20:43:32 GMT" time="0.000" errors="0">
  <testcase name="ElementsUI" time="0.000" classname="QAclickacademy.MavenJava.SeleniumTest"/>
  <testcase name="BrowserAutomation" time="0.000" classname="QAclickacademy.MavenJava.SeleniumTest"/>
</testsuite> <!-- QAclickacademy.MavenJava.SeleniumTest -->
